(2019-08-08 17:10:28), INFO, <sender>, Sender, pack, [84]: 
field enque worked~
(2019-08-08 17:10:30), DEBUG, <checker>, your_plugin, user_check, [26]: {'status': 1, 'temp': 23.64, 'warning': 'warning msg'}
(2019-08-08 17:10:30), DEBUG, <handler>, your_plugin, user_handle, [63]: {'status': 1, 'temp': 24.64, 'warning': 'warning msg'}
(2019-08-08 17:10:30), INFO, <sender>, Sender, pack, [76]: 
table_name: test_go
fields: {'status': 1, 'temp': 24.64, 'warning': 'warning msg', 'tags': {'eqpt_no': '1900'}, 'unit': 's'}
timestamp: 2019-08-08 17:10:30

(2019-08-08 17:10:30), INFO, <sender>, Sender, pack, [84]: 
field enque worked~
(2019-08-08 17:10:32), DEBUG, <checker>, your_plugin, user_check, [26]: {'status': 1, 'temp': 23.63, 'warning': 'warning msg'}
(2019-08-08 17:10:32), DEBUG, <handler>, your_plugin, user_handle, [63]: {'status': 1, 'temp': 23.64, 'warning': 'warning msg'}
(2019-08-08 17:10:32), INFO, <sender>, Sender, pack, [76]: 
table_name: test_go
fields: {'status': 1, 'temp': 23.64, 'warning': 'warning msg', 'tags': {'eqpt_no': '1900'}, 'unit': 's'}
timestamp: 2019-08-08 17:10:32

(2019-08-08 17:10:32), INFO, <sender>, Sender, pack, [84]: 
field enque worked~
(2019-08-08 17:10:34), DEBUG, <checker>, your_plugin, user_check, [26]: {'status': 1, 'temp': 23.98, 'warning': 'warning msg'}
(2019-08-08 17:10:34), DEBUG, <handler>, your_plugin, user_handle, [63]: {'status': 1, 'temp': 23.63, 'warning': 'warning msg'}
(2019-08-08 17:10:34), INFO, <sender>, Sender, pack, [76]: 
table_name: test_go
fields: {'status': 1, 'temp': 23.63, 'warning': 'warning msg', 'tags': {'eqpt_no': '1900'}, 'unit': 's'}
timestamp: 2019-08-08 17:10:34

(2019-08-08 17:10:34), INFO, <sender>, Sender, pack, [84]: 
field enque worked~
(2019-08-08 17:10:36), DEBUG, <checker>, your_plugin, user_check, [26]: {'status': 1, 'temp': 24.52, 'warning': 'warning msg'}
(2019-08-08 17:10:36), DEBUG, <handler>, your_plugin, user_handle, [63]: {'status': 1, 'temp': 23.98, 'warning': 'warning msg'}
(2019-08-08 17:10:36), INFO, <sender>, Sender, pack, [76]: 
table_name: test_go
fields: {'status': 1, 'temp': 23.98, 'warning': 'warning msg', 'tags': {'eqpt_no': '1900'}, 'unit': 's'}
timestamp: 2019-08-08 17:10:36

(2019-08-08 17:10:36), INFO, <sender>, Sender, pack, [84]: 
field enque worked~
(2019-08-08 17:10:36), INFO, <watchdog>, watchdog, work, [90]: 
{'waitress', 'MainThread', 'handler', 'checker', 'communication', 'watchdog', 'sender'}
(2019-08-08 17:10:38), DEBUG, <checker>, your_plugin, user_check, [26]: {'status': 0, 'temp': 20.39, 'warning': 'warning msg'}
(2019-08-08 17:10:38), DEBUG, <handler>, your_plugin, user_handle, [63]: {'status': 1, 'temp': 24.52, 'warning': 'warning msg'}
(2019-08-08 17:10:38), INFO, <sender>, Sender, pack, [76]: 
table_name: test_go
fields: {'status': 1, 'temp': 24.52, 'warning': 'warning msg', 'tags': {'eqpt_no': '1900'}, 'unit': 's'}
timestamp: 2019-08-08 17:10:38

(2019-08-08 17:10:38), INFO, <sender>, Sender, pack, [84]: 
field enque worked~
